<?xml version="1.0" encoding="UTF-8"?>
<testsuite name="easy.BinarySearchTest" tests="4" skipped="0" failures="0" errors="0" timestamp="2025-04-23T20:33:26" hostname="DESKTOP-4JRNKTD" time="0.018">
  <properties/>
  <testcase name="testEmptyArray()" classname="easy.BinarySearchTest" time="0.014"/>
  <testcase name="testFoundElement()" classname="easy.BinarySearchTest" time="0.0"/>
  <testcase name="testNotFoundElement()" classname="easy.BinarySearchTest" time="0.001"/>
  <testcase name="testSingleElementFound()" classname="easy.BinarySearchTest" time="0.0"/>
  <system-out><![CDATA[]]></system-out>
  <system-err><![CDATA[]]></system-err>
</testsuite>
